<?xml version="1.0" encoding="UTF-8"?>
<!-- Generated by org.testng.reporters.JUnitXMLReporter -->
<testsuite hostname="DESKTOP-GJ80SN7" failures="1" tests="1" name="Adding3Items" time="28.705" errors="0" timestamp="18 Nov 2021 12:56:21 GMT">
  <testcase classname="com.mindtree.com.testcases.TC_007_Adding3Items" name="Cart_Three_Items" time="23.828">
    <failure type="org.openqa.selenium.WebDriverException" message="element click intercepted: Element &amp;lt;label for=&amp;quot;ProductSelect-7019647205574-option-style-...&amp;quot;&amp;gt;Joey&amp;lt;/label&amp;gt; is not clickable at point (1046, 455). Other element would receive the click: &amp;lt;div class=&amp;quot;cart__detail-info&amp;quot;&amp;gt;...&amp;lt;/div&amp;gt;
  (Session info: chrome=95.0.4638.69)
Build info: version: &amp;apos;3.4.0&amp;apos;, revision: &amp;apos;unknown&amp;apos;, time: &amp;apos;unknown&amp;apos;
System info: host: &amp;apos;DESKTOP-GJ80SN7&amp;apos;, ip: &amp;apos;192.168.0.239&amp;apos;, os.name: &amp;apos;Windows 10&amp;apos;, os.arch: &amp;apos;amd64&amp;apos;, os.version: &amp;apos;10.0&amp;apos;, java.version: &amp;apos;16.0.1&amp;apos;
Driver info: org.openqa.selenium.chrome.ChromeDriver
Capabilities [{networkConnectionEnabled=false, chrome={chromedriverVersion=94.0.4606.61 (418b78f5838ed0b1c69bb4e51ea0252171854915-refs/branch-heads/4606@{#1204}), userDataDir=C:\Users\SRAVAN~1\AppData\Local\Temp\scoped_dir33632_130005459}, timeouts={implicit=0.0, pageLoad=300000.0, script=30000.0}, pageLoadStrategy=normal, unhandledPromptBehavior=dismiss and notify, strictFileInteractability=false, platform=ANY, proxy=Proxy(), goog:chromeOptions={debuggerAddress=localhost:56048}, webauthn:extension:credBlob=true, acceptInsecureCerts=false, browserVersion=95.0.4638.69, browserName=chrome, javascriptEnabled=true, platformName=windows, setWindowRect=true, webauthn:extension:largeBlob=true, webauthn:virtualAuthenticators=true}]
Session ID: 4e9090f0d83045ae7b86cfb195385272">
      <![CDATA[org.openqa.selenium.WebDriverException: element click intercepted: Element <label for="ProductSelect-7019647205574-option-style-...">Joey</label> is not clickable at point (1046, 455). Other element would receive the click: <div class="cart__detail-info">...</div>
  (Session info: chrome=95.0.4638.69)
Build info: version: '3.4.0', revision: 'unknown', time: 'unknown'
System info: host: 'DESKTOP-GJ80SN7', ip: '192.168.0.239', os.name: 'Windows 10', os.arch: 'amd64', os.version: '10.0', java.version: '16.0.1'
Driver info: org.openqa.selenium.chrome.ChromeDriver
Capabilities [{networkConnectionEnabled=false, chrome={chromedriverVersion=94.0.4606.61 (418b78f5838ed0b1c69bb4e51ea0252171854915-refs/branch-heads/4606@{#1204}), userDataDir=C:\Users\SRAVAN~1\AppData\Local\Temp\scoped_dir33632_130005459}, timeouts={implicit=0.0, pageLoad=300000.0, script=30000.0}, pageLoadStrategy=normal, unhandledPromptBehavior=dismiss and notify, strictFileInteractability=false, platform=ANY, proxy=Proxy(), goog:chromeOptions={debuggerAddress=localhost:56048}, webauthn:extension:credBlob=true, acceptInsecureCerts=false, browserVersion=95.0.4638.69, browserName=chrome, javascriptEnabled=true, platformName=windows, setWindowRect=true, webauthn:extension:largeBlob=true, webauthn:virtualAuthenticators=true}]
Session ID: 4e9090f0d83045ae7b86cfb195385272
	at org.openqa.selenium.remote.http.W3CHttpResponseCodec.createException(W3CHttpResponseCodec.java:150)
	at org.openqa.selenium.remote.http.W3CHttpResponseCodec.decode(W3CHttpResponseCodec.java:115)
	at org.openqa.selenium.remote.http.W3CHttpResponseCodec.decode(W3CHttpResponseCodec.java:45)
	at org.openqa.selenium.remote.HttpCommandExecutor.execute(HttpCommandExecutor.java:164)
	at org.openqa.selenium.remote.service.DriverCommandExecutor.execute(DriverCommandExecutor.java:82)
	at org.openqa.selenium.remote.RemoteWebDriver.execute(RemoteWebDriver.java:637)
	at org.openqa.selenium.remote.RemoteWebElement.execute(RemoteWebElement.java:272)
	at org.openqa.selenium.remote.RemoteWebElement.click(RemoteWebElement.java:82)
	at com.mindtree.com.testcases.TC_007_Adding3Items.Cart_Three_Items(TC_007_Adding3Items.java:41)
... Removed 29 stack frames]]>
    </failure>
  </testcase> <!-- Cart_Three_Items -->
</testsuite> <!-- Adding3Items -->
